Command: ./simv -l run.log
Chronologic VCS simulator copyright 1991-2013
Contains Synopsys proprietary information.
Compiler version H-2013.06_Full64; Runtime version H-2013.06_Full64;  Apr 19 01:25 2019
--------------------------------------
	 address is 0x08
	 data is  4
--------------------------------------
--------------------------------------
	 address is 0x09
	 data is  5
--------------------------------------
--------------------------------------
	 address is 0x10
	 data is  6
--------------------------------------
	 addr = b604   data = 04279b9b

	 addr = d090   data = 2589af1f

	 addr = 1bf8   data = bbf86411

	 addr = 18a4   data = b47edb97

	 addr = 14a8   data = 299b961f

	 addr = c740   data = 4c54f683

	 addr = ef34   data = 2be89b8e

	 addr = ed94   data = fdadc558

	 addr = b288   data = ed9951dd

	 addr = dba4   data = 84d874a7

	 addr = 70fc   data = ff467657

	 addr = 7a78   data = 1e4529f4

	 addr = 6f90   data = 644d0b91

	 addr = 4550   data = c348bf1f

	 addr = 4a1c   data = fc820f4b

	 addr = 88c8   data = 93338bd1

	 addr = c42c   data = e8d173c5

	 addr = d2f0   data = 9612da67

	 addr = 624c   data = f47fc89c

	 addr = 96c8   data = bad09372

	 addr = 1814   data = 73f12fdf

	 addr = e060   data = ab21666d

	 addr = 15dc   data = 2e28fb40

	 addr = 1470   data = 8a0d2d7a

	 addr = 0f60   data = 0a9ce59e

	 addr = 7ed0   data = d7561fdb

	 addr = 8164   data = 6f5ccd74

	 addr = 445c   data = a1615692

	 addr = d200   data = 3617196c

	 addr = 386c   data = a2b5a5b1

	 addr = c3a0   data = 80831138

	 addr = 1ffc   data = dbb8148c

	 addr = 0408   data = 6586d6ad

	 addr = e744   data = 307b9027

	 addr = 9794   data = 83d148f7

	 addr = 4640   data = 76c9d2c9

	 addr = 6674   data = c830a579

	 addr = c7d4   data = d1101239

	 addr = 9070   data = 0fba02b9

	 addr = 5ca4   data = 7f9cf426

	 addr = 3730   data = 4ee2ec06

	 addr = afcc   data = 03c9aafc

	 addr = 06d8   data = f47dfa55

	 addr = dfb0   data = 0bb34548

	 addr = 2754   data = 979b0187

	 addr = c39c   data = 8417dcfe

	 addr = 1500   data = aed0e506

	 addr = 343c   data = 4f0dcd6e

	 addr = 91bc   data = 8579f6b1

	 addr = 9410   data = 7ae88999

	 atype is low  addr = 0004   data = 28c15bdd

	 atype is low  addr = 0000   data = 1b3f70a1

	 atype is low  addr = 000c   data = 6aad9b0f

	 atype is low  addr = 0000   data = 65e21b32

	 atype is low  addr = 0004   data = dc5d9094

	 atype is low  addr = 0000   data = cef41ef5

	 atype is low  addr = 000c   data = 4aabbe7a

	 atype is low  addr = 0000   data = fc301588

	 atype is low  addr = 000c   data = 2b0c2456

	 atype is low  addr = 0008   data = b91caa82

	 atype is low  addr = 000c   data = e4cd4fed

	 atype is low  addr = 0008   data = aadc4046

	 atype is low  addr = 0000   data = 78812698

	 atype is low  addr = 0000   data = a83e0204

	 atype is low  addr = 000c   data = b214437f

	 atype is low  addr = 0008   data = ed038657

	 atype is low  addr = 0008   data = 5e571459

	 atype is low  addr = 0008   data = 706b4fb7

	 atype is low  addr = 000c   data = ec5039cc

	 atype is low  addr = 0008   data = 04d51ede

	 atype is low  addr = 0008   data = 65c52b93

	 atype is low  addr = 0004   data = 11a91634

	 atype is low  addr = 0000   data = 7379a6b0

	 atype is low  addr = 0000   data = f4a616b5

	 atype is low  addr = 000c   data = 8abeb372

	 atype is low  addr = 0008   data = 56dbd9b2

	 atype is low  addr = 0000   data = e02e055d

	 atype is low  addr = 0000   data = 5429337f

	 atype is low  addr = 0000   data = 655b526d

	 atype is low  addr = 0000   data = 41763ddc

	 atype is low  addr = 0008   data = d1ddacfb

	 atype is low  addr = 000c   data = c53e1b2c

	 atype is low  addr = 000c   data = cc01785a

	 atype is low  addr = 000c   data = f28ebe5d

	 atype is low  addr = 0004   data = 6c68bf8f

	 atype is low  addr = 000c   data = 5dd7d0b4

	 atype is low  addr = 0000   data = 46e68bc4

	 atype is low  addr = 0008   data = 618a723c

	 atype is low  addr = 0004   data = 29a3a015

	 atype is low  addr = 0004   data = c48ac6e7

	 atype is low  addr = 0008   data = 4f9114ee

	 atype is low  addr = 0000   data = edad3b91

	 atype is low  addr = 0000   data = 31a4d50f

	 atype is low  addr = 0004   data = 01aa842a

	 atype is low  addr = 000c   data = 29e0f128

	 atype is low  addr = 000c   data = a602445a

	 atype is low  addr = 0004   data = e0e5a9dd

	 atype is low  addr = 0004   data = 0be93dbb

	 atype is low  addr = 000c   data = 81a703d9

	 atype is low  addr = 000c   data = e1d9ebbe

	 mailbox get string is hello
cov = 0.00000 
at 5, in top.e1: select=xx etod=xxxx dtoe=0000 bus=zzzz
at 15, in top.e1: select=00 etod=1001 dtoe=0000 bus=zzzz
at 25, in top.e1: select=01 etod=0110 dtoe=0110 bus=zzzz
at 35, in top.e1: select=10 etod=0101 dtoe=0000 bus=01x1
at 45, in top.e1: select=11 etod=0001 dtoe=0101 bus=zzzz
at 55, in top.e1: select=11 etod=0001 dtoe=zzzz bus=zzzz
at 65, in top.e1: select=11 etod=0001 dtoe=zzzz bus=zzzz
at 75, in top.e1: select=11 etod=0001 dtoe=zzzz bus=zzzz
at 85, in top.e1: select=11 etod=0001 dtoe=zzzz bus=zzzz
at 95, in top.e1: select=11 etod=0001 dtoe=zzzz bus=zzzz
at 105, in top.e1: select=11 etod=0001 dtoe=zzzz bus=zzzz
at 115, in top.e1: select=11 etod=0001 dtoe=zzzz bus=zzzz
at 125, in top.e1: select=11 etod=0001 dtoe=zzzz bus=zzzz
at 135, in top.e1: select=11 etod=0001 dtoe=zzzz bus=zzzz
at 145, in top.e1: select=11 etod=0001 dtoe=zzzz bus=zzzz
at 155, in top.e1: select=11 etod=0001 dtoe=zzzz bus=zzzz
at 165, in top.e1: select=11 etod=0001 dtoe=zzzz bus=zzzz
at 175, in top.e1: select=11 etod=0001 dtoe=zzzz bus=zzzz
at 185, in top.e1: select=11 etod=0001 dtoe=zzzz bus=zzzz
at 195, in top.e1: select=11 etod=0001 dtoe=zzzz bus=zzzz
at 205, in top.e1: select=11 etod=0001 dtoe=zzzz bus=zzzz
at 215, in top.e1: select=11 etod=0001 dtoe=zzzz bus=zzzz
at 225, in top.e1: select=11 etod=0001 dtoe=zzzz bus=zzzz
at 235, in top.e1: select=11 etod=0001 dtoe=zzzz bus=zzzz
at 245, in top.e1: select=11 etod=0001 dtoe=zzzz bus=zzzz
at 255, in top.e1: select=11 etod=0001 dtoe=zzzz bus=zzzz
at 265, in top.e1: select=11 etod=0001 dtoe=zzzz bus=zzzz
at 275, in top.e1: select=11 etod=0001 dtoe=zzzz bus=zzzz
at 285, in top.e1: select=11 etod=0001 dtoe=zzzz bus=zzzz
at 295, in top.e1: select=11 etod=0001 dtoe=zzzz bus=zzzz
$finish called from file "./tb/top.v", line 63.
$finish at simulation time                 3000
           V C S   S i m u l a t i o n   R e p o r t 
Time: 300000 ps
CPU Time:      0.150 seconds;       Data structure size:   0.0Mb
Fri Apr 19 01:25:47 2019
